{
"src/index.ts":{"path":"src/index.ts","statementMap":{"1":{"start":{"line":1,"column":19},"end":{"line":1,"column":35}},"2":{"start":{"line":2,"column":0},"end":{"line":2,"column":55}},"3":{"start":{"line":3,"column":0},"end":{"line":3,"column":19}},"4":{"start":{"line":6,"column":0},"end":{"line":6,"column":43}},"5":{"start":{"line":7,"column":0},"end":{"line":7,"column":42}},"6":{"start":{"line":8,"column":0},"end":{"line":8,"column":28}},"7":{"start":{"line":10,"column":0},"end":{"line":12,"column":3}},"8":{"start":{"line":14,"column":0},"end":{"line":14,"column":37}}},"fnMap":{},"branchMap":{},"s":{"1":0,"2":0,"3":0,"4":0,"5":0,"6":0,"7":0,"8":0},"b":{},"f":{},"l":{"1":0,"2":0,"3":0,"6":0,"7":0,"8":0,"10":0,"14":0}},
"src/components/component.imports.ts":{"path":"src/components/component.imports.ts","statementMap":{"1":{"start":{"line":1,"column":0},"end":{"line":1,"column":40}},"2":{"start":{"line":9,"column":9},"end":{"line":9,"column":22}},"3":{"start":{"line":2,"column":0},"end":{"line":2,"column":49}},"4":{"start":{"line":8,"column":9},"end":{"line":8,"column":25}},"5":{"start":{"line":3,"column":0},"end":{"line":3,"column":55}},"6":{"start":{"line":7,"column":9},"end":{"line":7,"column":27}},"7":{"start":{"line":4,"column":0},"end":{"line":4,"column":46}},"8":{"start":{"line":6,"column":9},"end":{"line":6,"column":24}}},"fnMap":{},"branchMap":{},"s":{"1":0,"2":0,"3":0,"4":0,"5":0,"6":0,"7":0,"8":0},"b":{},"f":{},"l":{"1":0,"2":0,"3":0,"4":0,"6":0,"7":0,"8":0,"9":0}},
"src/components/components.ts":{"path":"src/components/components.ts","statementMap":{"1":{"start":{"line":1,"column":0},"end":{"line":1,"column":31}},"2":{"start":{"line":2,"column":22},"end":{"line":2,"column":50}},"3":{"start":{"line":4,"column":21},"end":{"line":4,"column":23}},"4":{"start":{"line":6,"column":0},"end":{"line":8,"column":1}},"5":{"start":{"line":6,"column":12},"end":{"line":6,"column":11}},"6":{"start":{"line":7,"column":4},"end":{"line":7,"column":36}},"7":{"start":{"line":10,"column":28},"end":{"line":10,"column":53}},"8":{"start":{"line":12,"column":0},"end":{"line":null,"column":-1}}},"fnMap":{},"branchMap":{},"s":{"1":0,"2":0,"3":0,"4":0,"5":0,"6":0,"7":0,"8":0},"b":{},"f":{},"l":{"1":0,"2":0,"4":0,"6":0,"7":0,"10":0,"12":0}},
"src/components/jumbotron/jumbotron.component.ts":{"path":"src/components/jumbotron/jumbotron.component.ts","statementMap":{"1":{"start":{"line":1,"column":23},"end":{"line":1,"column":50}},"2":{"start":{"line":2,"column":0},"end":{"line":6,"column":0}},"3":{"start":{"line":6,"column":0},"end":{"line":6,"column":1}},"4":{"start":{"line":2,"column":13},"end":{"line":6,"column":1}},"5":{"start":{"line":8,"column":25},"end":{"line":12,"column":1}},"6":{"start":{"line":14,"column":0},"end":{"line":null,"column":-1}}},"fnMap":{"1":{"name":"(anonymous_0)","line":2,"loc":{"start":{"line":2,"column":0},"end":{"line":2,"column":-1}}},"2":{"name":"JumbotronController","line":3,"loc":{"start":{"line":3,"column":4},"end":{"line":5,"column":5}}}},"branchMap":{},"s":{"1":0,"2":0,"3":0,"4":0,"5":0,"6":0},"b":{},"f":{"1":0,"2":0},"l":{"1":0,"2":0,"6":0,"8":0,"14":0}},
"src/components/jumbotron/jumbotron.ts":{"path":"src/components/jumbotron/jumbotron.ts","statementMap":{"1":{"start":{"line":1,"column":0},"end":{"line":1,"column":31}},"2":{"start":{"line":2,"column":0},"end":{"line":2,"column":55}},"3":{"start":{"line":4,"column":27},"end":{"line":5,"column":43}},"4":{"start":{"line":7,"column":0},"end":{"line":null,"column":-1}}},"fnMap":{},"branchMap":{},"s":{"1":0,"2":0,"3":0,"4":0},"b":{},"f":{},"l":{"1":0,"2":0,"4":0,"7":0}},
"src/components/navbar/navbar.component.ts":{"path":"src/components/navbar/navbar.component.ts","statementMap":{"1":{"start":{"line":1,"column":23},"end":{"line":1,"column":47}},"2":{"start":{"line":2,"column":0},"end":{"line":6,"column":0}},"3":{"start":{"line":6,"column":0},"end":{"line":6,"column":1}},"4":{"start":{"line":2,"column":13},"end":{"line":6,"column":1}},"5":{"start":{"line":8,"column":22},"end":{"line":12,"column":1}},"6":{"start":{"line":16,"column":0},"end":{"line":null,"column":-1}}},"fnMap":{"1":{"name":"(anonymous_0)","line":2,"loc":{"start":{"line":2,"column":0},"end":{"line":2,"column":-1}}},"2":{"name":"NavbarController","line":3,"loc":{"start":{"line":3,"column":4},"end":{"line":5,"column":5}}}},"branchMap":{},"s":{"1":0,"2":0,"3":0,"4":0,"5":0,"6":0},"b":{},"f":{"1":0,"2":0},"l":{"1":0,"2":0,"6":0,"8":0,"16":0}},
"src/components/navbar/navbar.ts":{"path":"src/components/navbar/navbar.ts","statementMap":{"1":{"start":{"line":1,"column":0},"end":{"line":1,"column":31}},"2":{"start":{"line":2,"column":0},"end":{"line":2,"column":49}},"3":{"start":{"line":4,"column":24},"end":{"line":5,"column":37}},"4":{"start":{"line":7,"column":0},"end":{"line":null,"column":-1}}},"fnMap":{},"branchMap":{},"s":{"1":0,"2":0,"3":0,"4":0},"b":{},"f":{},"l":{"1":0,"2":0,"4":0,"7":0}},
"src/components/root/root.component.ts":{"path":"src/components/root/root.component.ts","statementMap":{"1":{"start":{"line":1,"column":23},"end":{"line":1,"column":45}},"2":{"start":{"line":2,"column":0},"end":{"line":14,"column":0}},"3":{"start":{"line":7,"column":11},"end":{"line":9,"column":5}},"4":{"start":{"line":8,"column":8},"end":{"line":8,"column":21}},"5":{"start":{"line":11,"column":11},"end":{"line":13,"column":5}},"6":{"start":{"line":12,"column":8},"end":{"line":12,"column":21}},"7":{"start":{"line":14,"column":0},"end":{"line":14,"column":1}},"8":{"start":{"line":2,"column":13},"end":{"line":14,"column":1}},"9":{"start":{"line":16,"column":20},"end":{"line":20,"column":1}},"10":{"start":{"line":24,"column":0},"end":{"line":null,"column":-1}}},"fnMap":{"1":{"name":"(anonymous_0)","line":2,"loc":{"start":{"line":2,"column":0},"end":{"line":2,"column":-1}}},"2":{"name":"RootController","line":3,"loc":{"start":{"line":3,"column":4},"end":{"line":5,"column":5}}},"3":{"name":"(anonymous_2)","line":7,"loc":{"start":{"line":7,"column":35},"end":{"line":9,"column":5}}},"4":{"name":"(anonymous_3)","line":11,"loc":{"start":{"line":11,"column":40},"end":{"line":13,"column":5}}}},"branchMap":{},"s":{"1":1,"2":1,"3":1,"4":1,"5":1,"6":0,"7":1,"8":1,"9":1,"10":1},"b":{},"f":{"1":1,"2":1,"3":1,"4":0},"l":{"1":1,"2":1,"7":1,"8":1,"11":1,"12":0,"14":1,"16":1,"24":1}},
"src/components/root/root.ts":{"path":"src/components/root/root.ts","statementMap":{"1":{"start":{"line":1,"column":0},"end":{"line":1,"column":31}},"2":{"start":{"line":2,"column":0},"end":{"line":2,"column":45}},"3":{"start":{"line":4,"column":22},"end":{"line":5,"column":33}},"4":{"start":{"line":7,"column":0},"end":{"line":null,"column":-1}}},"fnMap":{},"branchMap":{},"s":{"1":0,"2":0,"3":0,"4":0},"b":{},"f":{},"l":{"1":0,"2":0,"4":0,"7":0}},
"src/components/sidebar/sidebar.component.ts":{"path":"src/components/sidebar/sidebar.component.ts","statementMap":{"1":{"start":{"line":1,"column":23},"end":{"line":1,"column":48}},"2":{"start":{"line":2,"column":0},"end":{"line":6,"column":0}},"3":{"start":{"line":6,"column":0},"end":{"line":6,"column":1}},"4":{"start":{"line":2,"column":13},"end":{"line":6,"column":1}},"5":{"start":{"line":8,"column":23},"end":{"line":12,"column":1}},"6":{"start":{"line":16,"column":0},"end":{"line":null,"column":-1}}},"fnMap":{"1":{"name":"(anonymous_0)","line":2,"loc":{"start":{"line":2,"column":0},"end":{"line":2,"column":-1}}},"2":{"name":"SidebarController","line":3,"loc":{"start":{"line":3,"column":4},"end":{"line":5,"column":5}}}},"branchMap":{},"s":{"1":0,"2":0,"3":0,"4":0,"5":0,"6":0},"b":{},"f":{"1":0,"2":0},"l":{"1":0,"2":0,"6":0,"8":0,"16":0}},
"src/components/sidebar/sidebar.ts":{"path":"src/components/sidebar/sidebar.ts","statementMap":{"1":{"start":{"line":1,"column":0},"end":{"line":1,"column":31}},"2":{"start":{"line":2,"column":0},"end":{"line":2,"column":51}},"3":{"start":{"line":4,"column":25},"end":{"line":5,"column":39}},"4":{"start":{"line":7,"column":0},"end":{"line":null,"column":-1}}},"fnMap":{},"branchMap":{},"s":{"1":0,"2":0,"3":0,"4":0},"b":{},"f":{},"l":{"1":0,"2":0,"4":0,"7":0}}}
